<?xml version="1.0" encoding="UTF-8"?>
<!-- Generated by org.testng.reporters.JUnitReportReporter -->
<testsuite hostname="DESKTOP-CP4S73C" failures="0" tests="2" name="com.crmpro.qa.testcases.LoginPageTest" time="31.274" errors="0" timestamp="2020-01-17T19:02:01 IST" skipped="0">
  <testcase classname="com.crmpro.qa.testcases.LoginPageTest" name="pageTitleTest" time="14.833"/>
  <testcase classname="com.crmpro.qa.testcases.LoginPageTest" name="loginTest" time="16.441"/>
</testsuite> <!-- com.crmpro.qa.testcases.LoginPageTest -->
